e:\work\app_2team\project\99.gui\coordinate\coordinates\coordinates\debug\coordinates.pch
e:\work\app_2team\project\99.gui\coordinate\coordinates\coordinates\debug\vc120.pdb
e:\work\app_2team\project\99.gui\coordinate\coordinates\coordinates\debug\vc120.idb
e:\work\app_2team\project\99.gui\coordinate\coordinates\coordinates\debug\stdafx.obj
e:\work\app_2team\project\99.gui\coordinate\coordinates\coordinates\debug\coordinates.obj
e:\work\app_2team\project\99.gui\coordinate\coordinates\coordinates\debug\coordinatesdoc.obj
e:\work\app_2team\project\99.gui\coordinate\coordinates\coordinates\debug\coordinatesview.obj
e:\work\app_2team\project\99.gui\coordinate\coordinates\coordinates\debug\dlggraph.obj
e:\work\app_2team\project\99.gui\coordinate\coordinates\coordinates\debug\dlgmainctrl.obj
e:\work\app_2team\project\99.gui\coordinate\coordinates\coordinates\debug\mainfrm.obj
e:\work\app_2team\project\99.gui\coordinate\coordinates\coordinates\debug\mlinechartconfig.obj
e:\work\app_2team\project\99.gui\coordinate\coordinates\coordinates\debug\mlinechartctrl.obj
e:\work\app_2team\project\99.gui\coordinate\coordinates\coordinates\debug\mlinechartdata.obj
e:\work\app_2team\project\99.gui\coordinate\coordinates\debug\coordinates.ilk
e:\work\app_2team\project\99.gui\coordinate\coordinates\debug\coordinates.exe
e:\work\app_2team\project\99.gui\coordinate\coordinates\debug\coordinates.pdb
e:\work\app_2team\project\99.gui\coordinate\coordinates\coordinates\debug\coordinates.res
e:\work\app_2team\project\99.gui\coordinate\coordinates\coordinates\debug\coordinates.tlog\cl.command.1.tlog
e:\work\app_2team\project\99.gui\coordinate\coordinates\coordinates\debug\coordinates.tlog\cl.read.1.tlog
e:\work\app_2team\project\99.gui\coordinate\coordinates\coordinates\debug\coordinates.tlog\cl.write.1.tlog
e:\work\app_2team\project\99.gui\coordinate\coordinates\coordinates\debug\coordinates.tlog\link.command.1.tlog
e:\work\app_2team\project\99.gui\coordinate\coordinates\coordinates\debug\coordinates.tlog\link.read.1.tlog
e:\work\app_2team\project\99.gui\coordinate\coordinates\coordinates\debug\coordinates.tlog\link.write.1.tlog
e:\work\app_2team\project\99.gui\coordinate\coordinates\coordinates\debug\coordinates.tlog\rc.command.1.tlog
e:\work\app_2team\project\99.gui\coordinate\coordinates\coordinates\debug\coordinates.tlog\rc.read.1.tlog
e:\work\app_2team\project\99.gui\coordinate\coordinates\coordinates\debug\coordinates.tlog\rc.write.1.tlog
